app/build/intermediates/manifest_merge_blame_file/release/processReleaseMainManifest/manifest-merger-blame-release-report.txt
1<?xml version="1.0" encoding="utf-8"?>
2<manifest xmlns:android="http://schemas.android.com/apk/res/android"
3    package="com.example.recepy"
4    android:versionCode="36"
5    android:versionName="1.2.10" >
6
7    <uses-sdk
7-->INJECTED
8        android:minSdkVersion="26"
8-->INJECTED
9        android:targetSdkVersion="36" />
9-->INJECTED
10
11    <uses-permission android:name="android.permission.INTERNET" />
11-->src/main/AndroidManifest.xml:5:5-67
11-->src/main/AndroidManifest.xml:5:22-64
12    <uses-permission android:name="android.permission.ACCESS_NETWORK_STATE" />
12-->src/main/AndroidManifest.xml:6:5-79
12-->src/main/AndroidManifest.xml:6:22-76
13    <uses-permission android:name="com.android.alarm.permission.SET_ALARM" />
13-->src/main/AndroidManifest.xml:7:5-78
13-->src/main/AndroidManifest.xml:7:22-75
14    <uses-permission android:name="android.permission.POST_NOTIFICATIONS" />
14-->src/main/AndroidManifest.xml:8:5-77
14-->src/main/AndroidManifest.xml:8:22-74
15    <uses-permission android:name="android.permission.VIBRATE" />
15-->src/main/AndroidManifest.xml:9:5-66
15-->src/main/AndroidManifest.xml:9:22-63
16    <uses-permission android:name="android.permission.FOREGROUND_SERVICE" />
16-->src/main/AndroidManifest.xml:10:5-77
16-->src/main/AndroidManifest.xml:10:22-74
17    <uses-permission android:name="android.permission.SYSTEM_ALERT_WINDOW" />
17-->src/main/AndroidManifest.xml:11:5-78
17-->src/main/AndroidManifest.xml:11:22-75
18    <uses-permission android:name="android.permission.FOREGROUND_SERVICE_SPECIAL_USE" />
18-->src/main/AndroidManifest.xml:12:5-89
18-->src/main/AndroidManifest.xml:12:22-86
19    <uses-permission android:name="android.permission.REQUEST_INSTALL_PACKAGES" />
19-->src/main/AndroidManifest.xml:13:5-83
19-->src/main/AndroidManifest.xml:13:22-80
20    <uses-permission android:name="android.permission.WAKE_LOCK" />
20-->[androidx.work:work-runtime:2.7.1] AndroidManifest.xml:25:5-68
20-->[androidx.work:work-runtime:2.7.1] AndroidManifest.xml:25:22-65
21    <uses-permission android:name="android.permission.RECEIVE_BOOT_COMPLETED" />
21-->[androidx.work:work-runtime:2.7.1] AndroidManifest.xml:27:5-81
21-->[androidx.work:work-runtime:2.7.1] AndroidManifest.xml:27:22-78
22
23    <permission
23-->[androidx.core:core:1.18.0] AndroidManifest.xml:22:5-24:47
24        android:name="com.example.recepy.DYNAMIC_RECEIVER_NOT_EXPORTED_PERMISSION"
24-->[androidx.core:core:1.18.0] AndroidManifest.xml:23:9-81
25        android:protectionLevel="signature" />
25-->[androidx.core:core:1.18.0] AndroidManifest.xml:24:9-44
26
27    <uses-permission android:name="com.example.recepy.DYNAMIC_RECEIVER_NOT_EXPORTED_PERMISSION" />
27-->[androidx.core:core:1.18.0] AndroidManifest.xml:26:5-97
27-->[androidx.core:core:1.18.0] AndroidManifest.xml:26:22-94
28
29    <application
29-->src/main/AndroidManifest.xml:15:5-108:19
30        android:allowBackup="true"
30-->src/main/AndroidManifest.xml:16:9-35
31        android:appComponentFactory="androidx.core.app.CoreComponentFactory"
31-->[androidx.core:core:1.18.0] AndroidManifest.xml:28:18-86
32        android:dataExtractionRules="@xml/data_extraction_rules"
32-->src/main/AndroidManifest.xml:17:9-65
33        android:extractNativeLibs="false"
33-->INJECTED
34        android:fullBackupContent="@xml/backup_rules"
34-->src/main/AndroidManifest.xml:18:9-54
35        android:icon="@drawable/app_icon_foreground"
35-->src/main/AndroidManifest.xml:19:9-53
36        android:label="@string/app_name"
36-->src/main/AndroidManifest.xml:20:9-41
37        android:roundIcon="@drawable/app_icon_foreground"
37-->src/main/AndroidManifest.xml:21:9-58
38        android:supportsRtl="true"
38-->src/main/AndroidManifest.xml:22:9-35
39        android:theme="@style/Theme.Recepy" >
39-->src/main/AndroidManifest.xml:23:9-44
40        <activity
40-->src/main/AndroidManifest.xml:25:9-39:20
41            android:name="com.example.recepy.MainActivity"
41-->src/main/AndroidManifest.xml:26:13-41
42            android:exported="true"
42-->src/main/AndroidManifest.xml:27:13-36
43            android:label="@string/app_name"
43-->src/main/AndroidManifest.xml:28:13-45
44            android:theme="@style/Theme.App.Starting" >
44-->src/main/AndroidManifest.xml:29:13-54
45            <intent-filter>
45-->src/main/AndroidManifest.xml:30:13-34:29
46                <action android:name="android.intent.action.MAIN" />
46-->src/main/AndroidManifest.xml:31:17-69
46-->src/main/AndroidManifest.xml:31:25-66
47
48                <category android:name="android.intent.category.LAUNCHER" />
48-->src/main/AndroidManifest.xml:32:17-77
48-->src/main/AndroidManifest.xml:32:27-74
49            </intent-filter>
50
51            <meta-data
51-->src/main/AndroidManifest.xml:36:13-38:53
52                android:name="android.app.shortcuts"
52-->src/main/AndroidManifest.xml:37:17-53
53                android:resource="@xml/shortcuts" />
53-->src/main/AndroidManifest.xml:38:17-50
54        </activity>
55
56        <activity-alias
56-->src/main/AndroidManifest.xml:41:9-68:26
57            android:name="com.example.recepy.AddRecipeAlias"
57-->src/main/AndroidManifest.xml:42:13-43
58            android:exported="true"
58-->src/main/AndroidManifest.xml:43:13-36
59            android:label="@string/import_share_label"
59-->src/main/AndroidManifest.xml:44:13-55
60            android:targetActivity="com.example.recepy.MainActivity" >
60-->src/main/AndroidManifest.xml:45:13-51
61            <intent-filter>
61-->src/main/AndroidManifest.xml:47:13-51:29
62                <action android:name="android.intent.action.SEND" />
62-->src/main/AndroidManifest.xml:48:17-69
62-->src/main/AndroidManifest.xml:48:25-66
63
64                <category android:name="android.intent.category.DEFAULT" />
64-->src/main/AndroidManifest.xml:49:17-76
64-->src/main/AndroidManifest.xml:49:27-73
65
66                <data android:mimeType="text/plain" />
66-->src/main/AndroidManifest.xml:50:17-55
66-->src/main/AndroidManifest.xml:50:23-52
67            </intent-filter>
68            <intent-filter>
68-->src/main/AndroidManifest.xml:53:13-58:29
69                <action android:name="android.intent.action.SEND" />
69-->src/main/AndroidManifest.xml:48:17-69
69-->src/main/AndroidManifest.xml:48:25-66
70
71                <category android:name="android.intent.category.DEFAULT" />
71-->src/main/AndroidManifest.xml:49:17-76
71-->src/main/AndroidManifest.xml:49:27-73
72
73                <data android:mimeType="application/json" />
73-->src/main/AndroidManifest.xml:50:17-55
73-->src/main/AndroidManifest.xml:50:23-52
74            </intent-filter>
75            <intent-filter>
75-->src/main/AndroidManifest.xml:60:13-67:29
76                <action android:name="android.intent.action.VIEW" />
76-->src/main/AndroidManifest.xml:61:17-69
76-->src/main/AndroidManifest.xml:61:25-66
77
78                <category android:name="android.intent.category.DEFAULT" />
78-->src/main/AndroidManifest.xml:49:17-76
78-->src/main/AndroidManifest.xml:49:27-73
79                <category android:name="android.intent.category.BROWSABLE" />
79-->src/main/AndroidManifest.xml:63:17-78
79-->src/main/AndroidManifest.xml:63:27-75
80
81                <data android:scheme="content" />
81-->src/main/AndroidManifest.xml:50:17-55
81-->src/main/AndroidManifest.xml:64:23-47
82                <data android:scheme="file" />
82-->src/main/AndroidManifest.xml:50:17-55
82-->src/main/AndroidManifest.xml:64:23-47
83                <data android:mimeType="application/json" />
83-->src/main/AndroidManifest.xml:50:17-55
83-->src/main/AndroidManifest.xml:50:23-52
84            </intent-filter>
85        </activity-alias>
86
87        <service
87-->src/main/AndroidManifest.xml:70:9-77:19
88            android:name="com.example.recepy.TimerService"
88-->src/main/AndroidManifest.xml:71:13-41
89            android:exported="false"
89-->src/main/AndroidManifest.xml:72:13-37
90            android:foregroundServiceType="specialUse" >
90-->src/main/AndroidManifest.xml:73:13-55
91            <property
91-->src/main/AndroidManifest.xml:74:13-76:58
92                android:name="android.app.PROPERTY_SPECIAL_USE_FGS_SUBTYPE"
92-->src/main/AndroidManifest.xml:75:17-76
93                android:value="Recipe Timer Countdown" />
93-->src/main/AndroidManifest.xml:76:17-55
94        </service>
95
96        <activity
96-->src/main/AndroidManifest.xml:79:9-85:20
97            android:name="com.example.recepy.widget.WidgetConfigActivity"
97-->src/main/AndroidManifest.xml:80:13-56
98            android:exported="true" >
98-->src/main/AndroidManifest.xml:81:13-36
99            <intent-filter>
99-->src/main/AndroidManifest.xml:82:13-84:29
100                <action android:name="android.appwidget.action.APPWIDGET_CONFIGURE" />
100-->src/main/AndroidManifest.xml:83:17-87
100-->src/main/AndroidManifest.xml:83:25-84
101            </intent-filter>
102        </activity>
103
104        <receiver
104-->src/main/AndroidManifest.xml:87:9-96:20
105            android:name="com.example.recepy.widget.RecepyWidgetReceiver"
105-->src/main/AndroidManifest.xml:88:13-56
106            android:exported="true" >
106-->src/main/AndroidManifest.xml:89:13-36
107            <intent-filter>
107-->src/main/AndroidManifest.xml:90:13-92:29
108                <action android:name="android.appwidget.action.APPWIDGET_UPDATE" />
108-->src/main/AndroidManifest.xml:91:17-84
108-->src/main/AndroidManifest.xml:91:25-81
109            </intent-filter>
110
111            <meta-data
111-->src/main/AndroidManifest.xml:93:13-95:62
112                android:name="android.appwidget.provider"
112-->src/main/AndroidManifest.xml:94:17-58
113                android:resource="@xml/recepy_widget_info" />
113-->src/main/AndroidManifest.xml:95:17-59
114        </receiver>
115
116        <provider
116-->INJECTED
117            android:name="androidx.core.content.FileProvider"
117-->src/main/AndroidManifest.xml:100:13-62
118            android:authorities="com.example.recepy.fileprovider"
118-->INJECTED
119            android:exported="false"
119-->src/main/AndroidManifest.xml:102:13-37
120            android:grantUriPermissions="true" >
120-->src/main/AndroidManifest.xml:103:13-47
121            <meta-data
121-->src/main/AndroidManifest.xml:104:13-106:54
122                android:name="android.support.FILE_PROVIDER_PATHS"
122-->src/main/AndroidManifest.xml:105:17-67
123                android:resource="@xml/file_paths" />
123-->src/main/AndroidManifest.xml:106:17-51
124        </provider>
125
126        <activity
126-->[androidx.glance:glance-appwidget:1.1.1] AndroidManifest.xml:23:9-28:62
127            android:name="androidx.glance.appwidget.action.ActionTrampolineActivity"
127-->[androidx.glance:glance-appwidget:1.1.1] AndroidManifest.xml:24:13-85
128            android:enabled="true"
128-->[androidx.glance:glance-appwidget:1.1.1] AndroidManifest.xml:25:13-35
129            android:excludeFromRecents="true"
129-->[androidx.glance:glance-appwidget:1.1.1] AndroidManifest.xml:26:13-46
130            android:exported="false"
130-->[androidx.glance:glance-appwidget:1.1.1] AndroidManifest.xml:27:13-37
131            android:theme="@android:style/Theme.NoDisplay" />
131-->[androidx.glance:glance-appwidget:1.1.1] AndroidManifest.xml:28:13-59
132        <activity
132-->[androidx.glance:glance-appwidget:1.1.1] AndroidManifest.xml:29:9-36:81
133            android:name="androidx.glance.appwidget.action.InvisibleActionTrampolineActivity"
133-->[androidx.glance:glance-appwidget:1.1.1] AndroidManifest.xml:30:13-94
134            android:enabled="true"
134-->[androidx.glance:glance-appwidget:1.1.1] AndroidManifest.xml:31:13-35
135            android:exported="false"
135-->[androidx.glance:glance-appwidget:1.1.1] AndroidManifest.xml:32:13-37
136            android:launchMode="singleInstance"
136-->[androidx.glance:glance-appwidget:1.1.1] AndroidManifest.xml:33:13-48
137            android:noHistory="true"
137-->[androidx.glance:glance-appwidget:1.1.1] AndroidManifest.xml:34:13-37
138            android:taskAffinity="androidx.glance.appwidget.ListAdapterCallbackTrampoline"
138-->[androidx.glance:glance-appwidget:1.1.1] AndroidManifest.xml:35:13-91
139            android:theme="@style/Widget.Glance.AppWidget.CallbackTrampoline" />
139-->[androidx.glance:glance-appwidget:1.1.1] AndroidManifest.xml:36:13-78
140
141        <receiver
141-->[androidx.glance:glance-appwidget:1.1.1] AndroidManifest.xml:38:9-41:40
142            android:name="androidx.glance.appwidget.action.ActionCallbackBroadcastReceiver"
142-->[androidx.glance:glance-appwidget:1.1.1] AndroidManifest.xml:39:13-92
143            android:enabled="true"
143-->[androidx.glance:glance-appwidget:1.1.1] AndroidManifest.xml:40:13-35
144            android:exported="false" />
144-->[androidx.glance:glance-appwidget:1.1.1] AndroidManifest.xml:41:13-37
145        <receiver
145-->[androidx.glance:glance-appwidget:1.1.1] AndroidManifest.xml:42:9-45:40
146            android:name="androidx.glance.appwidget.UnmanagedSessionReceiver"
146-->[androidx.glance:glance-appwidget:1.1.1] AndroidManifest.xml:43:13-78
147            android:enabled="true"
147-->[androidx.glance:glance-appwidget:1.1.1] AndroidManifest.xml:44:13-35
148            android:exported="false" />
148-->[androidx.glance:glance-appwidget:1.1.1] AndroidManifest.xml:45:13-37
149        <receiver
149-->[androidx.glance:glance-appwidget:1.1.1] AndroidManifest.xml:46:9-53:20
150            android:name="androidx.glance.appwidget.MyPackageReplacedReceiver"
150-->[androidx.glance:glance-appwidget:1.1.1] AndroidManifest.xml:47:13-79
151            android:enabled="true"
151-->[androidx.glance:glance-appwidget:1.1.1] AndroidManifest.xml:48:13-35
152            android:exported="false" >
152-->[androidx.glance:glance-appwidget:1.1.1] AndroidManifest.xml:49:13-37
153            <intent-filter>
153-->[androidx.glance:glance-appwidget:1.1.1] AndroidManifest.xml:50:13-52:29
154                <action android:name="android.intent.action.MY_PACKAGE_REPLACED" />
154-->[androidx.glance:glance-appwidget:1.1.1] AndroidManifest.xml:51:17-84
154-->[androidx.glance:glance-appwidget:1.1.1] AndroidManifest.xml:51:25-81
155            </intent-filter>
156        </receiver>
157
158        <service
158-->[androidx.glance:glance-appwidget:1.1.1] AndroidManifest.xml:55:9-58:72
159            android:name="androidx.glance.appwidget.GlanceRemoteViewsService"
159-->[androidx.glance:glance-appwidget:1.1.1] AndroidManifest.xml:56:13-78
160            android:exported="true"
160-->[androidx.glance:glance-appwidget:1.1.1] AndroidManifest.xml:57:13-36
161            android:permission="android.permission.BIND_REMOTEVIEWS" />
161-->[androidx.glance:glance-appwidget:1.1.1] AndroidManifest.xml:58:13-69
162        <service
162-->[androidx.core:core-remoteviews:1.1.0] AndroidManifest.xml:24:9-27:63
163            android:name="androidx.core.widget.RemoteViewsCompatService"
163-->[androidx.core:core-remoteviews:1.1.0] AndroidManifest.xml:25:13-73
164            android:permission="android.permission.BIND_REMOTEVIEWS" />
164-->[androidx.core:core-remoteviews:1.1.0] AndroidManifest.xml:26:13-69
165
166        <provider
166-->[androidx.work:work-runtime:2.7.1] AndroidManifest.xml:31:9-39:20
167            android:name="androidx.startup.InitializationProvider"
167-->[androidx.work:work-runtime:2.7.1] AndroidManifest.xml:32:13-67
168            android:authorities="com.example.recepy.androidx-startup"
168-->[androidx.work:work-runtime:2.7.1] AndroidManifest.xml:33:13-68
169            android:exported="false" >
169-->[androidx.work:work-runtime:2.7.1] AndroidManifest.xml:34:13-37
170            <meta-data
170-->[androidx.work:work-runtime:2.7.1] AndroidManifest.xml:36:13-38:52
171                android:name="androidx.work.WorkManagerInitializer"
171-->[androidx.work:work-runtime:2.7.1] AndroidManifest.xml:37:17-68
172                android:value="androidx.startup" />
172-->[androidx.work:work-runtime:2.7.1] AndroidManifest.xml:38:17-49
173            <meta-data
173-->[androidx.emoji2:emoji2:1.4.0] AndroidManifest.xml:29:13-31:52
174                android:name="androidx.emoji2.text.EmojiCompatInitializer"
174-->[androidx.emoji2:emoji2:1.4.0] AndroidManifest.xml:30:17-75
175                android:value="androidx.startup" />
175-->[androidx.emoji2:emoji2:1.4.0] AndroidManifest.xml:31:17-49
176            <meta-data
176-->[androidx.lifecycle:lifecycle-process:2.10.0] AndroidManifest.xml:29:13-31:52
177                android:name="androidx.lifecycle.ProcessLifecycleInitializer"
177-->[androidx.lifecycle:lifecycle-process:2.10.0] AndroidManifest.xml:30:17-78
178                android:value="androidx.startup" />
178-->[androidx.lifecycle:lifecycle-process:2.10.0] AndroidManifest.xml:31:17-49
179            <meta-data
179-->[androidx.profileinstaller:profileinstaller:1.4.0] AndroidManifest.xml:29:13-31:52
180                android:name="androidx.profileinstaller.ProfileInstallerInitializer"
180-->[androidx.profileinstaller:profileinstaller:1.4.0] AndroidManifest.xml:30:17-85
181                android:value="androidx.startup" />
181-->[androidx.profileinstaller:profileinstaller:1.4.0] AndroidManifest.xml:31:17-49
182        </provider>
183
184        <service
184-->[androidx.work:work-runtime:2.7.1] AndroidManifest.xml:41:9-46:35
185            android:name="androidx.work.impl.background.systemalarm.SystemAlarmService"
185-->[androidx.work:work-runtime:2.7.1] AndroidManifest.xml:42:13-88
186            android:directBootAware="false"
186-->[androidx.work:work-runtime:2.7.1] AndroidManifest.xml:43:13-44
187            android:enabled="@bool/enable_system_alarm_service_default"
187-->[androidx.work:work-runtime:2.7.1] AndroidManifest.xml:44:13-72
188            android:exported="false" />
188-->[androidx.work:work-runtime:2.7.1] AndroidManifest.xml:45:13-37
189        <service
189-->[androidx.work:work-runtime:2.7.1] AndroidManifest.xml:47:9-53:35
190            android:name="androidx.work.impl.background.systemjob.SystemJobService"
190-->[androidx.work:work-runtime:2.7.1] AndroidManifest.xml:48:13-84
191            android:directBootAware="false"
191-->[androidx.work:work-runtime:2.7.1] AndroidManifest.xml:49:13-44
192            android:enabled="@bool/enable_system_job_service_default"
192-->[androidx.work:work-runtime:2.7.1] AndroidManifest.xml:50:13-70
193            android:exported="true"
193-->[androidx.work:work-runtime:2.7.1] AndroidManifest.xml:51:13-36
194            android:permission="android.permission.BIND_JOB_SERVICE" />
194-->[androidx.work:work-runtime:2.7.1] AndroidManifest.xml:52:13-69
195        <service
195-->[androidx.work:work-runtime:2.7.1] AndroidManifest.xml:54:9-59:35
196            android:name="androidx.work.impl.foreground.SystemForegroundService"
196-->[androidx.work:work-runtime:2.7.1] AndroidManifest.xml:55:13-81
197            android:directBootAware="false"
197-->[androidx.work:work-runtime:2.7.1] AndroidManifest.xml:56:13-44
198            android:enabled="@bool/enable_system_foreground_service_default"
198-->[androidx.work:work-runtime:2.7.1] AndroidManifest.xml:57:13-77
199            android:exported="false" />
199-->[androidx.work:work-runtime:2.7.1] AndroidManifest.xml:58:13-37
200
201        <receiver
201-->[androidx.work:work-runtime:2.7.1] AndroidManifest.xml:61:9-66:35
202            android:name="androidx.work.impl.utils.ForceStopRunnable$BroadcastReceiver"
202-->[androidx.work:work-runtime:2.7.1] AndroidManifest.xml:62:13-88
203            android:directBootAware="false"
203-->[androidx.work:work-runtime:2.7.1] AndroidManifest.xml:63:13-44
204            android:enabled="true"
204-->[androidx.work:work-runtime:2.7.1] AndroidManifest.xml:64:13-35
205            android:exported="false" />
205-->[androidx.work:work-runtime:2.7.1] AndroidManifest.xml:65:13-37
206        <receiver
206-->[androidx.work:work-runtime:2.7.1] AndroidManifest.xml:67:9-77:20
207            android:name="androidx.work.impl.background.systemalarm.ConstraintProxy$BatteryChargingProxy"
207-->[androidx.work:work-runtime:2.7.1] AndroidManifest.xml:68:13-106
208            android:directBootAware="false"
208-->[androidx.work:work-runtime:2.7.1] AndroidManifest.xml:69:13-44
209            android:enabled="false"
209-->[androidx.work:work-runtime:2.7.1] AndroidManifest.xml:70:13-36
210            android:exported="false" >
210-->[androidx.work:work-runtime:2.7.1] AndroidManifest.xml:71:13-37
211            <intent-filter>
211-->[androidx.work:work-runtime:2.7.1] AndroidManifest.xml:73:13-76:29
212                <action android:name="android.intent.action.ACTION_POWER_CONNECTED" />
212-->[androidx.work:work-runtime:2.7.1] AndroidManifest.xml:74:17-87
212-->[androidx.work:work-runtime:2.7.1] AndroidManifest.xml:74:25-84
213                <action android:name="android.intent.action.ACTION_POWER_DISCONNECTED" />
213-->[androidx.work:work-runtime:2.7.1] AndroidManifest.xml:75:17-90
213-->[androidx.work:work-runtime:2.7.1] AndroidManifest.xml:75:25-87
214            </intent-filter>
215        </receiver>
216        <receiver
216-->[androidx.work:work-runtime:2.7.1] AndroidManifest.xml:78:9-88:20
217            android:name="androidx.work.impl.background.systemalarm.ConstraintProxy$BatteryNotLowProxy"
217-->[androidx.work:work-runtime:2.7.1] AndroidManifest.xml:79:13-104
218            android:directBootAware="false"
218-->[androidx.work:work-runtime:2.7.1] AndroidManifest.xml:80:13-44
219            android:enabled="false"
219-->[androidx.work:work-runtime:2.7.1] AndroidManifest.xml:81:13-36
220            android:exported="false" >
220-->[androidx.work:work-runtime:2.7.1] AndroidManifest.xml:82:13-37
221            <intent-filter>
221-->[androidx.work:work-runtime:2.7.1] AndroidManifest.xml:84:13-87:29
222                <action android:name="android.intent.action.BATTERY_OKAY" />
222-->[androidx.work:work-runtime:2.7.1] AndroidManifest.xml:85:17-77
222-->[androidx.work:work-runtime:2.7.1] AndroidManifest.xml:85:25-74
223                <action android:name="android.intent.action.BATTERY_LOW" />
223-->[androidx.work:work-runtime:2.7.1] AndroidManifest.xml:86:17-76
223-->[androidx.work:work-runtime:2.7.1] AndroidManifest.xml:86:25-73
224            </intent-filter>
225        </receiver>
226        <receiver
226-->[androidx.work:work-runtime:2.7.1] AndroidManifest.xml:89:9-99:20
227            android:name="androidx.work.impl.background.systemalarm.ConstraintProxy$StorageNotLowProxy"
227-->[androidx.work:work-runtime:2.7.1] AndroidManifest.xml:90:13-104
228            android:directBootAware="false"
228-->[androidx.work:work-runtime:2.7.1] AndroidManifest.xml:91:13-44
229            android:enabled="false"
229-->[androidx.work:work-runtime:2.7.1] AndroidManifest.xml:92:13-36
230            android:exported="false" >
230-->[androidx.work:work-runtime:2.7.1] AndroidManifest.xml:93:13-37
231            <intent-filter>
231-->[androidx.work:work-runtime:2.7.1] AndroidManifest.xml:95:13-98:29
232                <action android:name="android.intent.action.DEVICE_STORAGE_LOW" />
232-->[androidx.work:work-runtime:2.7.1] AndroidManifest.xml:96:17-83
232-->[androidx.work:work-runtime:2.7.1] AndroidManifest.xml:96:25-80
233                <action android:name="android.intent.action.DEVICE_STORAGE_OK" />
233-->[androidx.work:work-runtime:2.7.1] AndroidManifest.xml:97:17-82
233-->[androidx.work:work-runtime:2.7.1] AndroidManifest.xml:97:25-79
234            </intent-filter>
235        </receiver>
236        <receiver
236-->[androidx.work:work-runtime:2.7.1] AndroidManifest.xml:100:9-109:20
237            android:name="androidx.work.impl.background.systemalarm.ConstraintProxy$NetworkStateProxy"
237-->[androidx.work:work-runtime:2.7.1] AndroidManifest.xml:101:13-103
238            android:directBootAware="false"
238-->[androidx.work:work-runtime:2.7.1] AndroidManifest.xml:102:13-44
239            android:enabled="false"
239-->[androidx.work:work-runtime:2.7.1] AndroidManifest.xml:103:13-36
240            android:exported="false" >
240-->[androidx.work:work-runtime:2.7.1] AndroidManifest.xml:104:13-37
241            <intent-filter>
241-->[androidx.work:work-runtime:2.7.1] AndroidManifest.xml:106:13-108:29
242                <action android:name="android.net.conn.CONNECTIVITY_CHANGE" />
242-->[androidx.work:work-runtime:2.7.1] AndroidManifest.xml:107:17-79
242-->[androidx.work:work-runtime:2.7.1] AndroidManifest.xml:107:25-76
243            </intent-filter>
244        </receiver>
245        <receiver
245-->[androidx.work:work-runtime:2.7.1] AndroidManifest.xml:110:9-121:20
246            android:name="androidx.work.impl.background.systemalarm.RescheduleReceiver"
246-->[androidx.work:work-runtime:2.7.1] AndroidManifest.xml:111:13-88
247            android:directBootAware="false"
247-->[androidx.work:work-runtime:2.7.1] AndroidManifest.xml:112:13-44
248            android:enabled="false"
248-->[androidx.work:work-runtime:2.7.1] AndroidManifest.xml:113:13-36
249            android:exported="false" >
249-->[androidx.work:work-runtime:2.7.1] AndroidManifest.xml:114:13-37
250            <intent-filter>
250-->[androidx.work:work-runtime:2.7.1] AndroidManifest.xml:116:13-120:29
251                <action android:name="android.intent.action.BOOT_COMPLETED" />
251-->[androidx.work:work-runtime:2.7.1] AndroidManifest.xml:117:17-79
251-->[androidx.work:work-runtime:2.7.1] AndroidManifest.xml:117:25-76
252                <action android:name="android.intent.action.TIME_SET" />
252-->[androidx.work:work-runtime:2.7.1] AndroidManifest.xml:118:17-73
252-->[androidx.work:work-runtime:2.7.1] AndroidManifest.xml:118:25-70
253                <action android:name="android.intent.action.TIMEZONE_CHANGED" />
253-->[androidx.work:work-runtime:2.7.1] AndroidManifest.xml:119:17-81
253-->[androidx.work:work-runtime:2.7.1] AndroidManifest.xml:119:25-78
254            </intent-filter>
255        </receiver>
256        <receiver
256-->[androidx.work:work-runtime:2.7.1] AndroidManifest.xml:122:9-131:20
257            android:name="androidx.work.impl.background.systemalarm.ConstraintProxyUpdateReceiver"
257-->[androidx.work:work-runtime:2.7.1] AndroidManifest.xml:123:13-99
258            android:directBootAware="false"
258-->[androidx.work:work-runtime:2.7.1] AndroidManifest.xml:124:13-44
259            android:enabled="@bool/enable_system_alarm_service_default"
259-->[androidx.work:work-runtime:2.7.1] AndroidManifest.xml:125:13-72
260            android:exported="false" >
260-->[androidx.work:work-runtime:2.7.1] AndroidManifest.xml:126:13-37
261            <intent-filter>
261-->[androidx.work:work-runtime:2.7.1] AndroidManifest.xml:128:13-130:29
262                <action android:name="androidx.work.impl.background.systemalarm.UpdateProxies" />
262-->[androidx.work:work-runtime:2.7.1] AndroidManifest.xml:129:17-98
262-->[androidx.work:work-runtime:2.7.1] AndroidManifest.xml:129:25-95
263            </intent-filter>
264        </receiver>
265        <receiver
265-->[androidx.work:work-runtime:2.7.1] AndroidManifest.xml:132:9-142:20
266            android:name="androidx.work.impl.diagnostics.DiagnosticsReceiver"
266-->[androidx.work:work-runtime:2.7.1] AndroidManifest.xml:133:13-78
267            android:directBootAware="false"
267-->[androidx.work:work-runtime:2.7.1] AndroidManifest.xml:134:13-44
268            android:enabled="true"
268-->[androidx.work:work-runtime:2.7.1] AndroidManifest.xml:135:13-35
269            android:exported="true"
269-->[androidx.work:work-runtime:2.7.1] AndroidManifest.xml:136:13-36
270            android:permission="android.permission.DUMP" >
270-->[androidx.work:work-runtime:2.7.1] AndroidManifest.xml:137:13-57
271            <intent-filter>
271-->[androidx.work:work-runtime:2.7.1] AndroidManifest.xml:139:13-141:29
272                <action android:name="androidx.work.diagnostics.REQUEST_DIAGNOSTICS" />
272-->[androidx.work:work-runtime:2.7.1] AndroidManifest.xml:140:17-88
272-->[androidx.work:work-runtime:2.7.1] AndroidManifest.xml:140:25-85
273            </intent-filter>
274        </receiver>
275
276        <uses-library
276-->[androidx.window:window:1.5.0] AndroidManifest.xml:23:9-25:40
277            android:name="androidx.window.extensions"
277-->[androidx.window:window:1.5.0] AndroidManifest.xml:24:13-54
278            android:required="false" />
278-->[androidx.window:window:1.5.0] AndroidManifest.xml:25:13-37
279        <uses-library
279-->[androidx.window:window:1.5.0] AndroidManifest.xml:26:9-28:40
280            android:name="androidx.window.sidecar"
280-->[androidx.window:window:1.5.0] AndroidManifest.xml:27:13-51
281            android:required="false" />
281-->[androidx.window:window:1.5.0] AndroidManifest.xml:28:13-37
282
283        <service
283-->[androidx.room:room-runtime-android:2.8.4] AndroidManifest.xml:24:9-28:63
284            android:name="androidx.room.MultiInstanceInvalidationService"
284-->[androidx.room:room-runtime-android:2.8.4] AndroidManifest.xml:25:13-74
285            android:directBootAware="true"
285-->[androidx.room:room-runtime-android:2.8.4] AndroidManifest.xml:26:13-43
286            android:exported="false" />
286-->[androidx.room:room-runtime-android:2.8.4] AndroidManifest.xml:27:13-37
287
288        <receiver
288-->[androidx.profileinstaller:profileinstaller:1.4.0] AndroidManifest.xml:34:9-52:20
289            android:name="androidx.profileinstaller.ProfileInstallReceiver"
289-->[androidx.profileinstaller:profileinstaller:1.4.0] AndroidManifest.xml:35:13-76
290            android:directBootAware="false"
290-->[androidx.profileinstaller:profileinstaller:1.4.0] AndroidManifest.xml:36:13-44
291            android:enabled="true"
291-->[androidx.profileinstaller:profileinstaller:1.4.0] AndroidManifest.xml:37:13-35
292            android:exported="true"
292-->[androidx.profileinstaller:profileinstaller:1.4.0] AndroidManifest.xml:38:13-36
293            android:permission="android.permission.DUMP" >